<?xml version="1.0" encoding="UTF-8" ?>
<testsuite tests="1" failures="0" name="com.socialallstar.esplugin.PayloadPluginTest" time="0.796" errors="1" skipped="0">
  <properties>
    <property name="java.runtime.name" value="OpenJDK Runtime Environment"/>
    <property name="java.vm.version" value="15.0.2+7"/>
    <property name="sun.boot.library.path" value="/usr/lib/jvm/java-15-adoptopenjdk/lib"/>
    <property name="maven.multiModuleProjectDirectory" value="/home/song/Works/payload-score"/>
    <property name="java.vm.vendor" value="AdoptOpenJDK"/>
    <property name="java.vendor.url" value="https://adoptopenjdk.net/"/>
    <property name="guice.disable.misplaced.annotation.check" value="true"/>
    <property name="path.separator" value=":"/>
    <property name="java.vm.name" value="OpenJDK 64-Bit Server VM"/>
    <property name="user.country" value="US"/>
    <property name="sun.java.launcher" value="SUN_STANDARD"/>
    <property name="java.vm.specification.name" value="Java Virtual Machine Specification"/>
    <property name="user.dir" value="/home/song/Works/payload-score"/>
    <property name="java.vm.compressedOopsMode" value="Zero based"/>
    <property name="java.runtime.version" value="15.0.2+7"/>
    <property name="os.arch" value="amd64"/>
    <property name="java.io.tmpdir" value="/tmp"/>
    <property name="line.separator" value="
"/>
    <property name="java.vm.specification.vendor" value="Oracle Corporation"/>
    <property name="os.name" value="Linux"/>
    <property name="classworlds.conf" value="/opt/maven/bin/m2.conf"/>
    <property name="sun.jnu.encoding" value="UTF-8"/>
    <property name="java.library.path" value="/lib:/usr/lib:/usr/local/lib:/usr/java/packages/lib:/usr/lib64:/lib64:/lib:/usr/lib"/>
    <property name="maven.conf" value="/opt/maven/conf"/>
    <property name="jdk.debug" value="release"/>
    <property name="java.class.version" value="59.0"/>
    <property name="java.specification.name" value="Java Platform API Specification"/>
    <property name="sun.management.compiler" value="HotSpot 64-Bit Tiered Compilers"/>
    <property name="os.version" value="5.11.22-2-MANJARO"/>
    <property name="library.jansi.path" value="/opt/maven/lib/jansi-native"/>
    <property name="user.home" value="/home/song"/>
    <property name="user.timezone" value="Asia/Seoul"/>
    <property name="file.encoding" value="UTF-8"/>
    <property name="java.specification.version" value="15"/>
    <property name="user.name" value="song"/>
    <property name="java.class.path" value="/opt/maven/boot/plexus-classworlds-2.6.0.jar"/>
    <property name="java.vm.specification.version" value="15"/>
    <property name="sun.arch.data.model" value="64"/>
    <property name="sun.java.command" value="org.codehaus.plexus.classworlds.launcher.Launcher install"/>
    <property name="java.home" value="/usr/lib/jvm/java-15-adoptopenjdk"/>
    <property name="user.language" value="en"/>
    <property name="java.specification.vendor" value="Oracle Corporation"/>
    <property name="java.vm.info" value="mixed mode, sharing"/>
    <property name="java.version" value="15.0.2"/>
    <property name="securerandom.source" value="file:/dev/./urandom"/>
    <property name="java.vendor" value="AdoptOpenJDK"/>
    <property name="maven.home" value="/opt/maven"/>
    <property name="file.separator" value="/"/>
    <property name="java.version.date" value="2021-01-19"/>
    <property name="java.vendor.url.bug" value="https://github.com/AdoptOpenJDK/openjdk-support/issues"/>
    <property name="sun.io.unicode.encoding" value="UnicodeLittle"/>
    <property name="sun.cpu.endian" value="little"/>
    <property name="java.vendor.version" value="AdoptOpenJDK"/>
  </properties>
  <testcase classname="com.socialallstar.esplugin.PayloadPluginTest" name="com.socialallstar.esplugin.PayloadPluginTest" time="0.796">
    <error message="unable to install test security manager" type="java.lang.RuntimeException">java.lang.RuntimeException: unable to install test security manager
	at org.elasticsearch.bootstrap.BootstrapForTesting.&lt;clinit&gt;(BootstrapForTesting.java:173)
	at org.elasticsearch.test.ESTestCase.&lt;clinit&gt;(ESTestCase.java:230)
	at java.base/java.lang.Class.forName0(Native Method)
	at java.base/java.lang.Class.forName(Class.java:468)
	at com.carrotsearch.randomizedtesting.RandomizedRunner$2.run(RandomizedRunner.java:623)
Caused by: java.lang.ClassNotFoundException: ${payloadscore.plugin.classname}
	at java.base/jdk.internal.loader.BuiltinClassLoader.loadClass(BuiltinClassLoader.java:606)
	at java.base/jdk.internal.loader.ClassLoaders$AppClassLoader.loadClass(ClassLoaders.java:168)
	at java.base/java.lang.ClassLoader.loadClass(ClassLoader.java:522)
	at java.base/java.lang.Class.forName0(Native Method)
	at java.base/java.lang.Class.forName(Class.java:377)
	at org.elasticsearch.bootstrap.BootstrapForTesting.&lt;clinit&gt;(BootstrapForTesting.java:169)
	... 4 more
</error>
  </testcase>
</testsuite>