<?xml version="1.0" encoding="UTF-8" ?>
<testsuite tests="1" failures="0" name="com.socialallstar.esplugin.PayloadPluginTest" time="0.796" errors="1" skipped="0">
  <properties>
[...]
</properties>
  <testcase classname="com.socialallstar.esplugin.PayloadPluginTest" name="com.socialallstar.esplugin.PayloadPluginTest" time="0.796">
    <error message="unable to install test security manager" type="java.lang.RuntimeException">java.lang.RuntimeException: unable to install test security manager
	at org.elasticsearch.bootstrap.BootstrapForTesting.&lt;clinit&gt;(BootstrapForTesting.java:173)
	at org.elasticsearch.test.ESTestCase.&lt;clinit&gt;(ESTestCase.java:230)
	at java.base/java.lang.Class.forName0(Native Method)
	at java.base/java.lang.Class.forName(Class.java:468)
	at com.carrotsearch.randomizedtesting.RandomizedRunner$2.run(RandomizedRunner.java:623)
Caused by: java.lang.ClassNotFoundException: ${payloadscore.plugin.classname}
	at java.base/jdk.internal.loader.BuiltinClassLoader.loadClass(BuiltinClassLoader.java:606)
	at java.base/jdk.internal.loader.ClassLoaders$AppClassLoader.loadClass(ClassLoaders.java:168)
	at java.base/java.lang.ClassLoader.loadClass(ClassLoader.java:522)
	at java.base/java.lang.Class.forName0(Native Method)
	at java.base/java.lang.Class.forName(Class.java:377)
	at org.elasticsearch.bootstrap.BootstrapForTesting.&lt;clinit&gt;(BootstrapForTesting.java:169)
	... 4 more
</error>
  </testcase>
</testsuite>